    1024 ,      1 ,       0.58
    1024 ,      4 ,       0.65
    1024 ,     16 ,       0.66
    1024 ,     64 ,       0.66
    1024 ,    256 ,       0.64
    4096 ,      1 ,       4.43
    4096 ,      4 ,       4.86
    4096 ,     16 ,       5.16
    4096 ,     64 ,       5.14
    4096 ,    256 ,       4.75
   16384 ,      1 ,      17.27
   16384 ,      4 ,      30.71
   16384 ,     16 ,      33.15
   16384 ,     64 ,      36.88
   16384 ,    256 ,      33.13
   65536 ,      1 ,      27.12
   65536 ,      4 ,      84.75
   65536 ,     16 ,     157.54
   65536 ,     64 ,     173.11
   65536 ,    256 ,     106.80
  262144 ,      1 ,      29.25
  262144 ,      4 ,     108.36
  262144 ,     16 ,     281.44
  262144 ,     64 ,     306.79
  262144 ,    256 ,     165.95
 1048576 ,      1 ,      29.47
 1048576 ,      4 ,     112.31
 1048576 ,     16 ,     306.54
 1048576 ,     64 ,     265.21
 1048576 ,    256 ,     177.21
